
 
 A COPY WIL BE SAVED in /tmp/Linux_Enumerator_Report-05-06-19-01:11:24.log 
 
         __    _                     ______                                      __            
        / /   (_)___  __  ___  __   / ____/___  __  ______ ___  ___  _________ _/ /_____  _____
       / /   / / __ \/ / / / |/_/  / __/ / __ \/ / / / __ `__ \/ _ \/ ___/ __ `/ __/ __ \/ ___/
      / /___/ / / / / /_/ />  <   / /___/ / / / /_/ / / / / / /  __/ /  / /_/ / /_/ /_/ / /    
     /_____/_/_/ /_/\__,_/_/|_|  /_____/_/ /_/\__,_/_/ /_/ /_/\___/_/   \__,_/\__/\____/_/     

 
		SYSTEM SUMMARY 
Hostname:			osboxes 
Operating System:		GNU/Linux 
Distribution:			Ubuntu 
Kernal Name: 			Linux 
Kernel Release:			5.0.0-13-generic 
Kernel Version: 		#14-Ubuntu SMP Mon Apr 15 14:59:14 UTC 2019 
System Architecture:		x86_64 

 
		NETWORK INTERFACE SUMMARY 
lo:
00:00:00:00:00:00
127.0.0.1/8
::1/128
ens33:
00:0c:29:d5:1d:7c
192.168.37.132/24
fe80::e53f:dfd2:ffd1:2fab/64 

 
		DNS SERVER SUMMARY 
127.0.0.53 

 
                CURRENT USER 
root

 
USER GROUP MEMBERSHIP:
root
daemon
bin
sys
adm
tty
disk
lp
mail
news
uucp
man
proxy
kmem
dialout
fax
voice
cdrom
floppy
tape
sudo
audio
dip
www-data
backup
operator
list
irc
src
gnats
shadow
utmp
video
sasl
plugdev
staff
games
users
nogroup
systemd-journal
systemd-timesync
systemd-network
systemd-resolve
crontab
messagebus
input
kvm
syslog
bluetooth
ssl-cert
netdev
uuidd
mlocate
avahi-autoipd
rtkit
ssh
lpadmin
scanner
avahi
saned
nm-openvpn
whoopsie
colord
geoclue
pulse
pulse-access
gdm
sambashare
systemd-coredump
squeaks
postfix
postdrop
		USERS WITH BASH PRIVILEGES 
root
sync
squeaks 

 
		USERS WITHOUT BASH PRIVILEGES 
	'i.e. Service Accounts or Disabled Accounts' 
daemon
bin
sys
sync
games
man
lp
mail
news
uucp
proxy
www-data
backup
list
irc
gnats
nobody
systemd-timesync
systemd-network
systemd-resolve
messagebus
syslog
_apt
uuidd
avahi-autoipd
usbmux
rtkit
dnsmasq
cups-pk-helper
speech-dispatcher
kernoops
avahi
saned
nm-openvpn
whoopsie
colord
hplip
geoclue
pulse
gnome-initial-setup
gdm
systemd-coredump
sshd
postfix 

 

        	USERS WITH SUDO PRIVILEGES 
 
mail 
squeaks 

        	GROUPS WITH SUDO PRIVILEGES 
 
adm 
Users in adm group:   syslog
   
 
mail 
Users in mail group:   
 
sudo 
Users in sudo group:   
 
squeaks 
Users in squeaks group:   
 

 
		Distribution = Ubuntu, Debian or Other 
			checking Service. 
		 	'?' = Status Unknown 
		 	'+' = Status Running 
  [ + ]  acpid
 [ + ]  apparmor
 [ + ]  apport
 [ + ]  avahi-daemon
 [ + ]  bluetooth
 [ + ]  cron
 [ + ]  cups
 [ + ]  cups-browsed
 [ + ]  dbus
 [ + ]  gdm3
 [ + ]  grub-common
 [ + ]  irqbalance
 [ + ]  kerneloops
 [ + ]  kmod
 [ + ]  network-manager
 [ + ]  networking
 [ + ]  openvpn
 [ + ]  postfix
 [ + ]  procps
 [ + ]  rsyslog
 [ + ]  ssh
 [ + ]  udev
 [ + ]  ufw
 [ + ]  unattended-upgrades
 [ + ]  vmware-tools
 [ + ]  whoopsie

 

 This user is root, skipping current user /root directory access check. 
 	  	 	 	  NOTICE: NO .SSH DIRECTORIES FOUND IN HOME DIRECTORIES  
